<?xml version="1.0" encoding="UTF-8"?><testrun name="ClearScore (1)" project="ClearScore" tests="4" started="4" failures="0" errors="2" ignored="0">
  <testsuite name="testPackage.RunCukes" time="2.138">
    <testsuite name="Feature: Registering on ClearScore.com" time="2.138">
      <testsuite name="Scenario: Entering email address" time="2.138" incomplete="true">
        <error>org.openqa.selenium.ElementNotVisibleException:  (WARNING: The server did not provide any stacktrace information)
Command duration or timeout: 10 milliseconds
Build info: version: 'unknown', revision: '31c43c8', time: '2016-08-02 21:57:56 -0700'
System info: host: 'ANNAMARIA', ip: '10.3.11.211', os.name: 'Windows 10', os.arch: 'amd64', os.version: '10.0', java.version: '1.8.0_102'
Driver info: org.openqa.selenium.firefox.FirefoxDriver
Capabilities [{rotatable=false, raisesAccessibilityExceptions=false, appBuildId=20161019084923, version=, platform=XP, proxy={}, command_id=1, specificationLevel=0, acceptSslCerts=false, processId=15100, browserVersion=49.0.2, platformVersion=10.0, XULappId={ec8030f7-c20a-464f-9b0e-13a3a9e97384}, browserName=firefox, takesScreenshot=true, takesElementScreenshot=true, platformName=windows_nt, device=desktop}]
Session ID: 92f0a4c4-3d25-4a95-b8e2-695095e86e5a&#13;
	at sun.reflect.NativeConstructorAccessorImpl.newInstance0(Native Method)&#13;
	at sun.reflect.NativeConstructorAccessorImpl.newInstance(Unknown Source)&#13;
	at sun.reflect.DelegatingConstructorAccessorImpl.newInstance(Unknown Source)&#13;
	at java.lang.reflect.Constructor.newInstance(Unknown Source)&#13;
	at org.openqa.selenium.remote.ErrorHandler.createThrowable(ErrorHandler.java:206)&#13;
	at org.openqa.selenium.remote.ErrorHandler.throwIfResponseFailed(ErrorHandler.java:158)&#13;
	at org.openqa.selenium.remote.RemoteWebDriver.execute(RemoteWebDriver.java:683)&#13;
	at org.openqa.selenium.remote.RemoteWebElement.execute(RemoteWebElement.java:319)&#13;
	at org.openqa.selenium.remote.RemoteWebElement.click(RemoteWebElement.java:85)&#13;
	at sun.reflect.NativeMethodAccessorImpl.invoke0(Native Method)&#13;
	at sun.reflect.NativeMethodAccessorImpl.invoke(Unknown Source)&#13;
	at sun.reflect.DelegatingMethodAccessorImpl.invoke(Unknown Source)&#13;
	at java.lang.reflect.Method.invoke(Unknown Source)&#13;
	at org.openqa.selenium.support.pagefactory.internal.LocatingElementHandler.invoke(LocatingElementHandler.java:51)&#13;
	at com.sun.proxy.$Proxy14.click(Unknown Source)&#13;
	at pagePackage.RegisterPage.tickCheckBox(RegisterPage.java:46)&#13;
	at testPackage.ClearScore.enters_full_name_and_enters_DOB_and_enters_pasword_and_ticks_Yes_I_agree_checkbox_and_clicks_Create_new_account_button(ClearScore.java:56)&#13;
	at ✽.And enters full name "Kovacs Pityu", and enters DOB "10/11/1975", and enters pasword "Kismajom33", and ticks Yes, I agree checkbox, and clicks Create new account button(testScenario.feature:7)&#13;
&#13;
</error>
        <testcase name="Given ClearScore page open" classname="Scenario: Entering email address" time="1.079"/>
        <testcase name="When Customer clicks on the Sign Up button" classname="Scenario: Entering email address" time="0.183"/>
        <testcase name="And enters a valid email address &quot;anna.mari@windowslive.com&quot; and clicks on Continue button" classname="Scenario: Entering email address" time="0.874"/>
        <testcase name="And enters full name &quot;Kovacs Pityu&quot;, and enters DOB &quot;10/11/1975&quot;, and enters pasword &quot;Kismajom33&quot;, and ticks Yes, I agree checkbox, and clicks Create new account button" classname="Scenario: Entering email address" time="0.002">
          <error>org.openqa.selenium.ElementNotVisibleException:  (WARNING: The server did not provide any stacktrace information)
Command duration or timeout: 10 milliseconds
Build info: version: 'unknown', revision: '31c43c8', time: '2016-08-02 21:57:56 -0700'
System info: host: 'ANNAMARIA', ip: '10.3.11.211', os.name: 'Windows 10', os.arch: 'amd64', os.version: '10.0', java.version: '1.8.0_102'
Driver info: org.openqa.selenium.firefox.FirefoxDriver
Capabilities [{rotatable=false, raisesAccessibilityExceptions=false, appBuildId=20161019084923, version=, platform=XP, proxy={}, command_id=1, specificationLevel=0, acceptSslCerts=false, processId=15100, browserVersion=49.0.2, platformVersion=10.0, XULappId={ec8030f7-c20a-464f-9b0e-13a3a9e97384}, browserName=firefox, takesScreenshot=true, takesElementScreenshot=true, platformName=windows_nt, device=desktop}]
Session ID: 92f0a4c4-3d25-4a95-b8e2-695095e86e5a&#13;
	at sun.reflect.NativeConstructorAccessorImpl.newInstance0(Native Method)&#13;
	at sun.reflect.NativeConstructorAccessorImpl.newInstance(Unknown Source)&#13;
	at sun.reflect.DelegatingConstructorAccessorImpl.newInstance(Unknown Source)&#13;
	at java.lang.reflect.Constructor.newInstance(Unknown Source)&#13;
	at org.openqa.selenium.remote.ErrorHandler.createThrowable(ErrorHandler.java:206)&#13;
	at org.openqa.selenium.remote.ErrorHandler.throwIfResponseFailed(ErrorHandler.java:158)&#13;
	at org.openqa.selenium.remote.RemoteWebDriver.execute(RemoteWebDriver.java:683)&#13;
	at org.openqa.selenium.remote.RemoteWebElement.execute(RemoteWebElement.java:319)&#13;
	at org.openqa.selenium.remote.RemoteWebElement.click(RemoteWebElement.java:85)&#13;
	at sun.reflect.NativeMethodAccessorImpl.invoke0(Native Method)&#13;
	at sun.reflect.NativeMethodAccessorImpl.invoke(Unknown Source)&#13;
	at sun.reflect.DelegatingMethodAccessorImpl.invoke(Unknown Source)&#13;
	at java.lang.reflect.Method.invoke(Unknown Source)&#13;
	at org.openqa.selenium.support.pagefactory.internal.LocatingElementHandler.invoke(LocatingElementHandler.java:51)&#13;
	at com.sun.proxy.$Proxy14.click(Unknown Source)&#13;
	at pagePackage.RegisterPage.tickCheckBox(RegisterPage.java:46)&#13;
	at testPackage.ClearScore.enters_full_name_and_enters_DOB_and_enters_pasword_and_ticks_Yes_I_agree_checkbox_and_clicks_Create_new_account_button(ClearScore.java:56)&#13;
	at ✽.And enters full name "Kovacs Pityu", and enters DOB "10/11/1975", and enters pasword "Kismajom33", and ticks Yes, I agree checkbox, and clicks Create new account button(testScenario.feature:7)&#13;
&#13;
</error>
        </testcase>
      </testsuite>
    </testsuite>
  </testsuite>
</testrun>
